[INFO ] 2024-07-25 19:21:27,057 framework.utils.initializers.TestInit - *** Test Suite SpamApiAutomation started ***
[INFO ] 2024-07-25 19:21:27,143 framework.utils.LogUtils - Excel Path: src/main/resources/spamTestData.xlsx
[DEBUG] 2024-07-25 19:21:27,470 org.apache.poi.openxml4j.opc.PackageRelationshipCollection - Parsing relationship: /customXml/_rels/item1.xml.rels
[DEBUG] 2024-07-25 19:21:27,502 org.apache.poi.openxml4j.opc.PackageRelationshipCollection - Parsing relationship: /xl/tables/_rels/table1.xml.rels
[DEBUG] 2024-07-25 19:21:27,507 org.apache.poi.openxml4j.opc.PackageRelationshipCollection - Parsing relationship: /xl/_rels/workbook.xml.rels
[DEBUG] 2024-07-25 19:21:27,512 org.apache.poi.openxml4j.opc.PackageRelationshipCollection - Parsing relationship: /xl/worksheets/_rels/sheet1.xml.rels
[DEBUG] 2024-07-25 19:21:27,519 org.apache.poi.openxml4j.opc.PackageRelationshipCollection - Parsing relationship: /_rels/.rels
[DEBUG] 2024-07-25 19:21:28,042 org.apache.poi.ooxml.POIXMLFactory - using default POIXMLDocumentPart for http://schemas.openxmlformats.org/officeDocument/2006/relationships/connections
[DEBUG] 2024-07-25 19:21:29,018 org.apache.poi.ooxml.POIXMLFactory - using default POIXMLDocumentPart for http://schemas.openxmlformats.org/officeDocument/2006/relationships/customXml
[DEBUG] 2024-07-25 19:21:29,037 org.apache.poi.ooxml.POIXMLFactory - using default POIXMLDocumentPart for http://schemas.openxmlformats.org/officeDocument/2006/relationships/queryTable
[DEBUG] 2024-07-25 19:21:29,038 org.apache.poi.ooxml.POIXMLFactory - using default POIXMLDocumentPart for http://schemas.openxmlformats.org/officeDocument/2006/relationships/customXmlProps
[INFO ] 2024-07-25 19:21:29,971 framework.utils.LogUtils - Row: 8221 - Column: 2
[INFO ] 2024-07-25 19:21:29,973 framework.utils.LogUtils - StartRow: 1 - EndRow: 5000
[INFO ] 2024-07-25 19:21:39,221 framework.utils.initializers.TestInit - [Ljava.lang.StackTraceElement;@63bca84d
[INFO ] 2024-07-25 19:21:39,885 framework.utils.initializers.TestInit - [Ljava.lang.StackTraceElement;@44aeae34
[INFO ] 2024-07-25 19:21:40,036 framework.utils.initializers.TestInit - [Ljava.lang.StackTraceElement;@38cf3ae1
[INFO ] 2024-07-25 19:21:43,978 framework.utils.initializers.TestInit - [Ljava.lang.StackTraceElement;@54941dfd
[INFO ] 2024-07-25 19:21:44,347 framework.utils.initializers.TestInit - [Ljava.lang.StackTraceElement;@38e46765
[INFO ] 2024-07-25 19:21:45,321 framework.utils.initializers.TestInit - [Ljava.lang.StackTraceElement;@459d2ee6
[INFO ] 2024-07-25 19:21:46,749 framework.utils.initializers.TestInit - [Ljava.lang.StackTraceElement;@2e1291a4
[INFO ] 2024-07-25 19:21:52,522 framework.utils.initializers.TestInit - [Ljava.lang.StackTraceElement;@63a72cc6
[INFO ] 2024-07-25 19:21:52,633 framework.utils.initializers.TestInit - [Ljava.lang.StackTraceElement;@3c9ef37b
[INFO ] 2024-07-25 19:21:52,712 framework.utils.initializers.TestInit - [Ljava.lang.StackTraceElement;@23d978b
[INFO ] 2024-07-25 19:21:55,145 framework.utils.initializers.TestInit - [Ljava.lang.StackTraceElement;@2059f785
[INFO ] 2024-07-25 19:21:56,841 framework.utils.initializers.TestInit - [Ljava.lang.StackTraceElement;@53d9af1
[INFO ] 2024-07-25 19:21:57,458 framework.utils.initializers.TestInit - [Ljava.lang.StackTraceElement;@72d16d6
[INFO ] 2024-07-25 19:21:58,767 framework.utils.initializers.TestInit - [Ljava.lang.StackTraceElement;@391e85df
[INFO ] 2024-07-25 19:22:03,247 framework.utils.initializers.TestInit - [Ljava.lang.StackTraceElement;@f9cd1e6
[INFO ] 2024-07-25 19:22:04,649 framework.utils.initializers.TestInit - [Ljava.lang.StackTraceElement;@2d9df336
[INFO ] 2024-07-25 19:22:05,175 framework.utils.initializers.TestInit - [Ljava.lang.StackTraceElement;@2b561f51
[INFO ] 2024-07-25 19:22:06,301 framework.utils.initializers.TestInit - [Ljava.lang.StackTraceElement;@dbcf7c3
[INFO ] 2024-07-25 19:22:06,496 framework.utils.initializers.TestInit - [Ljava.lang.StackTraceElement;@1d1deb11
[INFO ] 2024-07-25 19:22:08,792 framework.utils.initializers.TestInit - [Ljava.lang.StackTraceElement;@570b85dd
[INFO ] 2024-07-25 19:22:09,529 framework.utils.initializers.TestInit - [Ljava.lang.StackTraceElement;@6c2be147
[INFO ] 2024-07-25 19:22:12,809 framework.utils.initializers.TestInit - [Ljava.lang.StackTraceElement;@7be6dabb
[INFO ] 2024-07-25 19:22:13,325 framework.utils.initializers.TestInit - [Ljava.lang.StackTraceElement;@64921450
[INFO ] 2024-07-25 19:22:15,549 framework.utils.initializers.TestInit - [Ljava.lang.StackTraceElement;@eb1e868
[INFO ] 2024-07-25 19:22:17,192 framework.utils.initializers.TestInit - [Ljava.lang.StackTraceElement;@28d97205
[INFO ] 2024-07-25 19:22:17,482 framework.utils.initializers.TestInit - [Ljava.lang.StackTraceElement;@68b3de47
[INFO ] 2024-07-25 19:22:17,663 framework.utils.initializers.TestInit - [Ljava.lang.StackTraceElement;@362fd4e9
[INFO ] 2024-07-25 19:22:17,756 framework.utils.initializers.TestInit - [Ljava.lang.StackTraceElement;@78f1d29
[INFO ] 2024-07-25 19:22:20,993 framework.utils.initializers.TestInit - [Ljava.lang.StackTraceElement;@2bf45b7c
[INFO ] 2024-07-25 19:22:22,157 framework.utils.initializers.TestInit - [Ljava.lang.StackTraceElement;@553d828a
[INFO ] 2024-07-25 19:22:23,871 framework.utils.initializers.TestInit - [Ljava.lang.StackTraceElement;@47ab3688
[INFO ] 2024-07-25 19:22:24,128 framework.utils.initializers.TestInit - [Ljava.lang.StackTraceElement;@11267e87
[INFO ] 2024-07-25 19:22:25,777 framework.utils.initializers.TestInit - [Ljava.lang.StackTraceElement;@74ed7111
[INFO ] 2024-07-25 19:22:28,005 framework.utils.initializers.TestInit - [Ljava.lang.StackTraceElement;@46bff388
[INFO ] 2024-07-25 19:22:28,406 framework.utils.initializers.TestInit - [Ljava.lang.StackTraceElement;@4b3e4253
[INFO ] 2024-07-25 19:22:32,563 framework.utils.initializers.TestInit - [Ljava.lang.StackTraceElement;@46ae897c
[INFO ] 2024-07-25 19:22:33,763 framework.utils.initializers.TestInit - [Ljava.lang.StackTraceElement;@12a7515b
[INFO ] 2024-07-25 19:22:36,057 framework.utils.initializers.TestInit - [Ljava.lang.StackTraceElement;@268f126f
[INFO ] 2024-07-25 19:22:36,332 framework.utils.initializers.TestInit - [Ljava.lang.StackTraceElement;@44ec6637
[INFO ] 2024-07-25 19:22:36,596 framework.utils.initializers.TestInit - [Ljava.lang.StackTraceElement;@3f31cf8f
[INFO ] 2024-07-25 19:22:39,784 framework.utils.initializers.TestInit - [Ljava.lang.StackTraceElement;@2a9fd482
[INFO ] 2024-07-25 19:22:41,843 framework.utils.initializers.TestInit - [Ljava.lang.StackTraceElement;@7f922523
[INFO ] 2024-07-25 19:22:42,353 framework.utils.initializers.TestInit - [Ljava.lang.StackTraceElement;@4c5ae26d
[INFO ] 2024-07-25 19:22:45,030 framework.utils.initializers.TestInit - [Ljava.lang.StackTraceElement;@4d1f6e1c
[INFO ] 2024-07-25 19:22:46,445 framework.utils.initializers.TestInit - [Ljava.lang.StackTraceElement;@26c494d7
[INFO ] 2024-07-25 19:22:49,858 framework.utils.initializers.TestInit - [Ljava.lang.StackTraceElement;@7c07deff
[INFO ] 2024-07-25 19:22:50,408 framework.utils.initializers.TestInit - [Ljava.lang.StackTraceElement;@76ea1cb5
[INFO ] 2024-07-25 19:22:52,614 framework.utils.initializers.TestInit - [Ljava.lang.StackTraceElement;@5529fd4e
[INFO ] 2024-07-25 19:22:53,734 framework.utils.initializers.TestInit - [Ljava.lang.StackTraceElement;@12e3cf1c
[INFO ] 2024-07-25 19:22:53,819 framework.utils.initializers.TestInit - [Ljava.lang.StackTraceElement;@6ad2cb6d
[INFO ] 2024-07-25 19:22:55,644 framework.utils.initializers.TestInit - [Ljava.lang.StackTraceElement;@7ca0aa55
[INFO ] 2024-07-25 19:22:58,684 framework.utils.initializers.TestInit - [Ljava.lang.StackTraceElement;@56d189d0
[INFO ] 2024-07-25 19:23:03,412 framework.utils.initializers.TestInit - [Ljava.lang.StackTraceElement;@4ca83ec3
[INFO ] 2024-07-25 19:23:03,597 framework.utils.initializers.TestInit - [Ljava.lang.StackTraceElement;@544faa01
[INFO ] 2024-07-25 19:23:06,446 framework.utils.initializers.TestInit - [Ljava.lang.StackTraceElement;@ae4a043
[INFO ] 2024-07-25 19:23:08,547 framework.utils.initializers.TestInit - [Ljava.lang.StackTraceElement;@7ba70b3b
[INFO ] 2024-07-25 19:23:09,273 framework.utils.initializers.TestInit - [Ljava.lang.StackTraceElement;@bce93d3
[INFO ] 2024-07-25 19:23:12,134 framework.utils.initializers.TestInit - [Ljava.lang.StackTraceElement;@7fe75649
[INFO ] 2024-07-25 19:23:12,968 framework.utils.initializers.TestInit - [Ljava.lang.StackTraceElement;@6ccf06f1
[INFO ] 2024-07-25 19:23:14,470 framework.utils.initializers.TestInit - [Ljava.lang.StackTraceElement;@4cf99283
[INFO ] 2024-07-25 19:23:14,956 framework.utils.initializers.TestInit - [Ljava.lang.StackTraceElement;@6f2bb798
[INFO ] 2024-07-25 19:23:15,267 framework.utils.initializers.TestInit - [Ljava.lang.StackTraceElement;@10bf2185
[INFO ] 2024-07-25 19:23:16,569 framework.utils.initializers.TestInit - [Ljava.lang.StackTraceElement;@627222d8
[INFO ] 2024-07-25 19:23:17,795 framework.utils.initializers.TestInit - [Ljava.lang.StackTraceElement;@8be84bf
[INFO ] 2024-07-25 19:23:18,633 framework.utils.initializers.TestInit - [Ljava.lang.StackTraceElement;@23cf78f9
[INFO ] 2024-07-25 19:23:19,860 framework.utils.initializers.TestInit - [Ljava.lang.StackTraceElement;@6ad2a8db
[INFO ] 2024-07-25 19:23:24,367 framework.utils.initializers.TestInit - [Ljava.lang.StackTraceElement;@5876cd86
[INFO ] 2024-07-25 19:23:24,878 framework.utils.initializers.TestInit - [Ljava.lang.StackTraceElement;@b24e21f
[INFO ] 2024-07-25 19:23:27,139 framework.utils.initializers.TestInit - [Ljava.lang.StackTraceElement;@254dfd34
[INFO ] 2024-07-25 19:23:27,303 framework.utils.initializers.TestInit - [Ljava.lang.StackTraceElement;@4cbf1c30
[INFO ] 2024-07-25 19:23:29,902 framework.utils.initializers.TestInit - [Ljava.lang.StackTraceElement;@488bf7cd
[INFO ] 2024-07-25 19:23:31,600 framework.utils.initializers.TestInit - [Ljava.lang.StackTraceElement;@75be6796
[INFO ] 2024-07-25 19:23:32,356 framework.utils.initializers.TestInit - [Ljava.lang.StackTraceElement;@c4f6d5b
[INFO ] 2024-07-25 19:23:34,238 framework.utils.initializers.TestInit - [Ljava.lang.StackTraceElement;@47f50549
[INFO ] 2024-07-25 19:23:36,225 framework.utils.initializers.TestInit - [Ljava.lang.StackTraceElement;@2c59b9f4
[INFO ] 2024-07-25 19:23:39,401 framework.utils.initializers.TestInit - [Ljava.lang.StackTraceElement;@32df1a2a
[INFO ] 2024-07-25 19:23:46,084 framework.utils.initializers.TestInit - [Ljava.lang.StackTraceElement;@6f36c42
[INFO ] 2024-07-25 19:23:48,173 framework.utils.initializers.TestInit - [Ljava.lang.StackTraceElement;@53bc8c7e
[INFO ] 2024-07-25 19:23:54,892 framework.utils.initializers.TestInit - [Ljava.lang.StackTraceElement;@ab2d814
[INFO ] 2024-07-25 19:23:56,098 framework.utils.initializers.TestInit - [Ljava.lang.StackTraceElement;@5f453412
[INFO ] 2024-07-25 19:23:56,569 framework.utils.initializers.TestInit - [Ljava.lang.StackTraceElement;@1344ee24
[INFO ] 2024-07-25 19:24:00,496 framework.utils.initializers.TestInit - [Ljava.lang.StackTraceElement;@5f709e71
[INFO ] 2024-07-25 19:24:01,929 framework.utils.initializers.TestInit - [Ljava.lang.StackTraceElement;@611c9d31
[INFO ] 2024-07-25 19:24:05,297 framework.utils.initializers.TestInit - [Ljava.lang.StackTraceElement;@774c6111
[INFO ] 2024-07-25 19:24:07,084 framework.utils.initializers.TestInit - [Ljava.lang.StackTraceElement;@3be94b12
[INFO ] 2024-07-25 19:24:09,819 framework.utils.initializers.TestInit - [Ljava.lang.StackTraceElement;@153f6a67
[INFO ] 2024-07-25 19:24:11,489 framework.utils.initializers.TestInit - [Ljava.lang.StackTraceElement;@240e8240
[INFO ] 2024-07-25 19:24:12,138 framework.utils.initializers.TestInit - [Ljava.lang.StackTraceElement;@3a7c75d9
[INFO ] 2024-07-25 19:24:15,694 framework.utils.initializers.TestInit - [Ljava.lang.StackTraceElement;@6e2ab1f4
[INFO ] 2024-07-25 19:24:17,256 framework.utils.initializers.TestInit - [Ljava.lang.StackTraceElement;@a95807f
[INFO ] 2024-07-25 19:24:18,860 framework.utils.initializers.TestInit - [Ljava.lang.StackTraceElement;@66121af9
[INFO ] 2024-07-25 19:24:19,575 framework.utils.initializers.TestInit - [Ljava.lang.StackTraceElement;@3aca7082
[INFO ] 2024-07-25 19:24:19,679 framework.utils.initializers.TestInit - [Ljava.lang.StackTraceElement;@152a41ab
[INFO ] 2024-07-25 19:24:22,965 framework.utils.initializers.TestInit - [Ljava.lang.StackTraceElement;@116e03e9
[INFO ] 2024-07-25 19:24:25,795 framework.utils.initializers.TestInit - [Ljava.lang.StackTraceElement;@24fc815d
[INFO ] 2024-07-25 19:24:33,764 framework.utils.initializers.TestInit - [Ljava.lang.StackTraceElement;@15f12e7b
[INFO ] 2024-07-25 19:24:34,007 framework.utils.initializers.TestInit - [Ljava.lang.StackTraceElement;@7bbab132
[INFO ] 2024-07-25 19:24:37,970 framework.utils.initializers.TestInit - [Ljava.lang.StackTraceElement;@2fc70622
[INFO ] 2024-07-25 19:24:42,621 framework.utils.initializers.TestInit - [Ljava.lang.StackTraceElement;@5455f457
[INFO ] 2024-07-25 19:24:43,003 framework.utils.initializers.TestInit - [Ljava.lang.StackTraceElement;@388b4f68
[INFO ] 2024-07-25 19:24:47,900 framework.utils.initializers.TestInit - [Ljava.lang.StackTraceElement;@4896f287
[INFO ] 2024-07-25 19:24:53,971 framework.utils.initializers.TestInit - [Ljava.lang.StackTraceElement;@668b1faf
[INFO ] 2024-07-25 19:24:58,228 framework.utils.initializers.TestInit - [Ljava.lang.StackTraceElement;@37a709bc
[INFO ] 2024-07-25 19:24:59,936 framework.utils.initializers.TestInit - [Ljava.lang.StackTraceElement;@1cac6a4f
[INFO ] 2024-07-25 19:25:03,671 framework.utils.initializers.TestInit - [Ljava.lang.StackTraceElement;@5b751bab
[INFO ] 2024-07-25 19:25:06,476 framework.utils.initializers.TestInit - [Ljava.lang.StackTraceElement;@4d21ca52
[INFO ] 2024-07-25 19:25:08,135 framework.utils.initializers.TestInit - [Ljava.lang.StackTraceElement;@b234301
[INFO ] 2024-07-25 19:25:08,505 framework.utils.initializers.TestInit - [Ljava.lang.StackTraceElement;@42775280
[INFO ] 2024-07-25 19:25:22,351 framework.utils.initializers.TestInit - [Ljava.lang.StackTraceElement;@22bb0f5
[INFO ] 2024-07-25 19:25:22,466 framework.utils.initializers.TestInit - [Ljava.lang.StackTraceElement;@4f880f4a
[INFO ] 2024-07-25 19:25:22,956 framework.utils.initializers.TestInit - [Ljava.lang.StackTraceElement;@6da50fd
[INFO ] 2024-07-25 19:25:23,341 framework.utils.initializers.TestInit - [Ljava.lang.StackTraceElement;@695dc0e6
[INFO ] 2024-07-25 19:25:24,188 framework.utils.initializers.TestInit - [Ljava.lang.StackTraceElement;@57d1cbb1
[INFO ] 2024-07-25 19:25:26,806 framework.utils.initializers.TestInit - [Ljava.lang.StackTraceElement;@6b5e9923
[INFO ] 2024-07-25 19:25:26,955 framework.utils.initializers.TestInit - [Ljava.lang.StackTraceElement;@87852fb
[INFO ] 2024-07-25 19:25:27,568 framework.utils.initializers.TestInit - [Ljava.lang.StackTraceElement;@6f710da7
[INFO ] 2024-07-25 19:25:33,965 framework.utils.initializers.TestInit - [Ljava.lang.StackTraceElement;@2c689e6d
[INFO ] 2024-07-25 19:25:35,110 framework.utils.initializers.TestInit - [Ljava.lang.StackTraceElement;@5209c486
[INFO ] 2024-07-25 19:25:36,632 framework.utils.initializers.TestInit - [Ljava.lang.StackTraceElement;@438cb294
[INFO ] 2024-07-25 19:25:39,413 framework.utils.initializers.TestInit - [Ljava.lang.StackTraceElement;@79036056
[INFO ] 2024-07-25 19:25:42,016 framework.utils.initializers.TestInit - [Ljava.lang.StackTraceElement;@3e5080ce
[INFO ] 2024-07-25 19:25:42,413 framework.utils.initializers.TestInit - [Ljava.lang.StackTraceElement;@355c236b
[INFO ] 2024-07-25 19:25:47,014 framework.utils.initializers.TestInit - [Ljava.lang.StackTraceElement;@9bd43b7
[INFO ] 2024-07-25 19:25:49,129 framework.utils.initializers.TestInit - [Ljava.lang.StackTraceElement;@167c0e2e
[INFO ] 2024-07-25 19:25:51,309 framework.utils.initializers.TestInit - [Ljava.lang.StackTraceElement;@5e9da956
[INFO ] 2024-07-25 19:25:55,354 framework.utils.initializers.TestInit - [Ljava.lang.StackTraceElement;@2300d6fd
[INFO ] 2024-07-25 19:25:57,686 framework.utils.initializers.TestInit - [Ljava.lang.StackTraceElement;@5910ca72
[INFO ] 2024-07-25 19:26:06,522 framework.utils.initializers.TestInit - [Ljava.lang.StackTraceElement;@4887a689
[INFO ] 2024-07-25 19:26:12,083 framework.utils.initializers.TestInit - [Ljava.lang.StackTraceElement;@1472308f
[INFO ] 2024-07-25 19:26:20,159 framework.utils.initializers.TestInit - [Ljava.lang.StackTraceElement;@3718f26a
[INFO ] 2024-07-25 19:26:21,627 framework.utils.initializers.TestInit - [Ljava.lang.StackTraceElement;@332c14f2
[INFO ] 2024-07-25 19:26:32,871 framework.utils.initializers.TestInit - [Ljava.lang.StackTraceElement;@8e51ef8
[INFO ] 2024-07-25 19:26:35,580 framework.utils.initializers.TestInit - [Ljava.lang.StackTraceElement;@2d47970a
[INFO ] 2024-07-25 19:26:38,584 framework.utils.initializers.TestInit - [Ljava.lang.StackTraceElement;@66c16751
[INFO ] 2024-07-25 19:26:44,107 framework.utils.initializers.TestInit - [Ljava.lang.StackTraceElement;@2fe6a72d
[INFO ] 2024-07-25 19:26:48,056 framework.utils.initializers.TestInit - [Ljava.lang.StackTraceElement;@7c0514f
[INFO ] 2024-07-25 19:26:48,927 framework.utils.initializers.TestInit - [Ljava.lang.StackTraceElement;@3bd9e492
[INFO ] 2024-07-25 19:26:57,412 framework.utils.initializers.TestInit - [Ljava.lang.StackTraceElement;@c24ba1
[INFO ] 2024-07-25 19:26:58,894 framework.utils.initializers.TestInit - [Ljava.lang.StackTraceElement;@38cf78cb
[INFO ] 2024-07-25 19:27:01,839 framework.utils.initializers.TestInit - [Ljava.lang.StackTraceElement;@15944e4e
[INFO ] 2024-07-25 19:27:07,190 framework.utils.initializers.TestInit - [Ljava.lang.StackTraceElement;@69c47d27
[INFO ] 2024-07-25 19:27:08,867 framework.utils.initializers.TestInit - [Ljava.lang.StackTraceElement;@7a2299ea
[INFO ] 2024-07-25 19:27:12,058 framework.utils.initializers.TestInit - [Ljava.lang.StackTraceElement;@2d148f03
[INFO ] 2024-07-25 19:27:16,391 framework.utils.initializers.TestInit - [Ljava.lang.StackTraceElement;@1ada5639
[INFO ] 2024-07-25 19:27:19,255 framework.utils.initializers.TestInit - [Ljava.lang.StackTraceElement;@45871259
[INFO ] 2024-07-25 19:27:20,282 framework.utils.initializers.TestInit - [Ljava.lang.StackTraceElement;@745ff514
[INFO ] 2024-07-25 19:27:23,776 framework.utils.initializers.TestInit - [Ljava.lang.StackTraceElement;@2a25dd46
[INFO ] 2024-07-25 19:27:26,225 framework.utils.initializers.TestInit - [Ljava.lang.StackTraceElement;@79f16678
[INFO ] 2024-07-25 19:27:50,002 framework.utils.initializers.TestInit - [Ljava.lang.StackTraceElement;@6c01bc57
[INFO ] 2024-07-25 19:27:50,920 framework.utils.initializers.TestInit - [Ljava.lang.StackTraceElement;@755ed2e1
[INFO ] 2024-07-25 19:27:56,408 framework.utils.initializers.TestInit - [Ljava.lang.StackTraceElement;@4a4525a1
[INFO ] 2024-07-25 19:28:04,988 framework.utils.initializers.TestInit - [Ljava.lang.StackTraceElement;@40fd8aa1
[INFO ] 2024-07-25 19:28:25,807 framework.utils.initializers.TestInit - [Ljava.lang.StackTraceElement;@6a34aaec
[INFO ] 2024-07-25 19:28:29,883 framework.utils.initializers.TestInit - [Ljava.lang.StackTraceElement;@4d186c57
[INFO ] 2024-07-25 19:28:31,664 framework.utils.initializers.TestInit - [Ljava.lang.StackTraceElement;@5a0d2ed8
[INFO ] 2024-07-25 19:28:46,825 framework.utils.initializers.TestInit - [Ljava.lang.StackTraceElement;@40dc88ca
[INFO ] 2024-07-25 19:29:00,912 framework.utils.initializers.TestInit - [Ljava.lang.StackTraceElement;@1dd1a777
[INFO ] 2024-07-25 19:29:19,150 framework.utils.initializers.TestInit - [Ljava.lang.StackTraceElement;@2f95c400
[INFO ] 2024-07-25 19:29:29,227 framework.utils.initializers.TestInit - [Ljava.lang.StackTraceElement;@7c55bf8d
[INFO ] 2024-07-25 19:29:39,619 framework.utils.initializers.TestInit - [Ljava.lang.StackTraceElement;@66e6af49
[INFO ] 2024-07-25 19:29:40,446 framework.utils.initializers.TestInit - [Ljava.lang.StackTraceElement;@da79d11
[INFO ] 2024-07-25 19:29:47,001 framework.utils.initializers.TestInit - [Ljava.lang.StackTraceElement;@5d050d00
[INFO ] 2024-07-25 19:29:48,923 framework.utils.initializers.TestInit - [Ljava.lang.StackTraceElement;@569fb30d
[INFO ] 2024-07-25 19:30:01,823 framework.utils.initializers.TestInit - [Ljava.lang.StackTraceElement;@47602d8
[INFO ] 2024-07-25 19:30:04,141 framework.utils.initializers.TestInit - [Ljava.lang.StackTraceElement;@58936e68
[INFO ] 2024-07-25 19:30:08,150 framework.utils.initializers.TestInit - [Ljava.lang.StackTraceElement;@1312e82d
[INFO ] 2024-07-25 19:30:13,026 framework.utils.initializers.TestInit - [Ljava.lang.StackTraceElement;@1c35bf43
[INFO ] 2024-07-25 19:30:14,391 framework.utils.initializers.TestInit - [Ljava.lang.StackTraceElement;@47f5ddf4
[INFO ] 2024-07-25 19:30:20,188 framework.utils.initializers.TestInit - [Ljava.lang.StackTraceElement;@24112ec4
[INFO ] 2024-07-25 19:30:29,615 framework.utils.initializers.TestInit - [Ljava.lang.StackTraceElement;@678f7a91
[INFO ] 2024-07-25 19:30:48,712 framework.utils.initializers.TestInit - [Ljava.lang.StackTraceElement;@6e90958a
[INFO ] 2024-07-25 19:31:00,586 framework.utils.initializers.TestInit - [Ljava.lang.StackTraceElement;@3b7e2f1d
[INFO ] 2024-07-25 19:31:05,719 framework.utils.initializers.TestInit - [Ljava.lang.StackTraceElement;@584c289b
[INFO ] 2024-07-25 19:31:07,671 framework.utils.initializers.TestInit - [Ljava.lang.StackTraceElement;@62f1773d
[INFO ] 2024-07-25 19:31:10,766 framework.utils.initializers.TestInit - [Ljava.lang.StackTraceElement;@26ffaf39
[INFO ] 2024-07-25 19:31:11,879 framework.utils.initializers.TestInit - [Ljava.lang.StackTraceElement;@c844d52
[INFO ] 2024-07-25 19:31:24,370 framework.utils.initializers.TestInit - [Ljava.lang.StackTraceElement;@645494c5
[INFO ] 2024-07-25 19:31:25,671 framework.utils.initializers.TestInit - [Ljava.lang.StackTraceElement;@18a79b9f
[INFO ] 2024-07-25 19:31:34,826 framework.utils.initializers.TestInit - [Ljava.lang.StackTraceElement;@79ff741f
[INFO ] 2024-07-25 19:31:56,797 framework.utils.initializers.TestInit - [Ljava.lang.StackTraceElement;@6c873a48
[INFO ] 2024-07-25 19:32:06,126 framework.utils.initializers.TestInit - [Ljava.lang.StackTraceElement;@43ca23a8
[INFO ] 2024-07-25 19:32:14,867 framework.utils.initializers.TestInit - [Ljava.lang.StackTraceElement;@61517193
[INFO ] 2024-07-25 19:32:20,962 framework.utils.initializers.TestInit - [Ljava.lang.StackTraceElement;@169c7543
[INFO ] 2024-07-25 19:32:32,031 framework.utils.initializers.TestInit - [Ljava.lang.StackTraceElement;@470dd6a4
[INFO ] 2024-07-25 19:32:41,262 framework.utils.initializers.TestInit - [Ljava.lang.StackTraceElement;@7929ce8b
[INFO ] 2024-07-25 19:32:42,317 framework.utils.initializers.TestInit - [Ljava.lang.StackTraceElement;@1be853c5
[INFO ] 2024-07-25 19:32:56,081 framework.utils.initializers.TestInit - [Ljava.lang.StackTraceElement;@5f2d61cd
[INFO ] 2024-07-25 19:33:03,705 framework.utils.initializers.TestInit - [Ljava.lang.StackTraceElement;@5daa5cce
[INFO ] 2024-07-25 19:33:36,982 framework.utils.initializers.TestInit - [Ljava.lang.StackTraceElement;@4611faf
[INFO ] 2024-07-25 19:33:38,803 framework.utils.initializers.TestInit - [Ljava.lang.StackTraceElement;@750a6ac3
[INFO ] 2024-07-25 19:33:40,787 framework.utils.initializers.TestInit - [Ljava.lang.StackTraceElement;@7162c5
[INFO ] 2024-07-25 19:33:42,740 framework.utils.initializers.TestInit - [Ljava.lang.StackTraceElement;@37b55045
[INFO ] 2024-07-25 19:33:45,046 framework.utils.initializers.TestInit - [Ljava.lang.StackTraceElement;@413b45bc
[INFO ] 2024-07-25 19:33:47,263 framework.utils.initializers.TestInit - [Ljava.lang.StackTraceElement;@555be82c
[INFO ] 2024-07-25 19:34:03,090 framework.utils.initializers.TestInit - [Ljava.lang.StackTraceElement;@6c087b6a
[INFO ] 2024-07-25 19:34:03,512 framework.utils.initializers.TestInit - [Ljava.lang.StackTraceElement;@309403db
[INFO ] 2024-07-25 19:34:03,970 framework.utils.initializers.TestInit - [Ljava.lang.StackTraceElement;@267e52da
[INFO ] 2024-07-25 19:34:04,431 framework.utils.initializers.TestInit - [Ljava.lang.StackTraceElement;@8f5b44a
[INFO ] 2024-07-25 19:34:05,197 framework.utils.initializers.TestInit - [Ljava.lang.StackTraceElement;@372aaebd
[INFO ] 2024-07-25 19:34:06,412 framework.utils.initializers.TestInit - [Ljava.lang.StackTraceElement;@6906142b
[INFO ] 2024-07-25 19:34:12,642 framework.utils.initializers.TestInit - [Ljava.lang.StackTraceElement;@2c257485
[INFO ] 2024-07-25 19:34:14,462 framework.utils.initializers.TestInit - [Ljava.lang.StackTraceElement;@7d3d47f3
[INFO ] 2024-07-25 19:34:20,789 framework.utils.initializers.TestInit - [Ljava.lang.StackTraceElement;@462709b9
[INFO ] 2024-07-25 19:34:25,631 framework.utils.initializers.TestInit - [Ljava.lang.StackTraceElement;@40e78377
[INFO ] 2024-07-25 19:34:27,963 framework.utils.initializers.TestInit - [Ljava.lang.StackTraceElement;@7b8ecfd0
[INFO ] 2024-07-25 19:34:39,329 framework.utils.initializers.TestInit - [Ljava.lang.StackTraceElement;@66e33e65
[INFO ] 2024-07-25 19:34:45,463 framework.utils.initializers.TestInit - [Ljava.lang.StackTraceElement;@7687345c
[INFO ] 2024-07-25 19:35:05,195 framework.utils.initializers.TestInit - [Ljava.lang.StackTraceElement;@498785eb
[INFO ] 2024-07-25 19:35:07,413 framework.utils.initializers.TestInit - [Ljava.lang.StackTraceElement;@acf5d76
[INFO ] 2024-07-25 19:35:11,854 framework.utils.initializers.TestInit - [Ljava.lang.StackTraceElement;@4643b082
[INFO ] 2024-07-25 19:35:13,693 framework.utils.initializers.TestInit - [Ljava.lang.StackTraceElement;@46e123d2
[INFO ] 2024-07-25 19:35:14,400 framework.utils.initializers.TestInit - *** Test Suite SpamApiAutomation ending ***
