[INFO ] 2024-07-25 19:12:53,699 framework.utils.initializers.TestInit - *** Test Suite SpamApiAutomation started ***
[INFO ] 2024-07-25 19:12:53,759 framework.utils.LogUtils - Excel Path: src/main/resources/spamTestData.xlsx
[DEBUG] 2024-07-25 19:12:54,036 org.apache.poi.openxml4j.opc.PackageRelationshipCollection - Parsing relationship: /customXml/_rels/item1.xml.rels
[DEBUG] 2024-07-25 19:12:54,055 org.apache.poi.openxml4j.opc.PackageRelationshipCollection - Parsing relationship: /xl/tables/_rels/table1.xml.rels
[DEBUG] 2024-07-25 19:12:54,059 org.apache.poi.openxml4j.opc.PackageRelationshipCollection - Parsing relationship: /xl/_rels/workbook.xml.rels
[DEBUG] 2024-07-25 19:12:54,064 org.apache.poi.openxml4j.opc.PackageRelationshipCollection - Parsing relationship: /xl/worksheets/_rels/sheet1.xml.rels
[DEBUG] 2024-07-25 19:12:54,069 org.apache.poi.openxml4j.opc.PackageRelationshipCollection - Parsing relationship: /_rels/.rels
[DEBUG] 2024-07-25 19:12:54,636 org.apache.poi.ooxml.POIXMLFactory - using default POIXMLDocumentPart for http://schemas.openxmlformats.org/officeDocument/2006/relationships/connections
[DEBUG] 2024-07-25 19:12:55,581 org.apache.poi.ooxml.POIXMLFactory - using default POIXMLDocumentPart for http://schemas.openxmlformats.org/officeDocument/2006/relationships/customXml
[DEBUG] 2024-07-25 19:12:55,603 org.apache.poi.ooxml.POIXMLFactory - using default POIXMLDocumentPart for http://schemas.openxmlformats.org/officeDocument/2006/relationships/queryTable
[DEBUG] 2024-07-25 19:12:55,604 org.apache.poi.ooxml.POIXMLFactory - using default POIXMLDocumentPart for http://schemas.openxmlformats.org/officeDocument/2006/relationships/customXmlProps
[INFO ] 2024-07-25 19:12:56,592 framework.utils.LogUtils - Row: 8221 - Column: 2
[INFO ] 2024-07-25 19:12:56,592 framework.utils.LogUtils - StartRow: 1 - EndRow: 100
[INFO ] 2024-07-25 19:13:00,576 framework.utils.initializers.TestInit - [Ljava.lang.StackTraceElement;@502c2278
[INFO ] 2024-07-25 19:13:01,089 framework.utils.initializers.TestInit - [Ljava.lang.StackTraceElement;@4b5798c2
[INFO ] 2024-07-25 19:13:01,199 framework.utils.initializers.TestInit - [Ljava.lang.StackTraceElement;@740c4868
[INFO ] 2024-07-25 19:13:01,307 framework.utils.initializers.TestInit - [Ljava.lang.StackTraceElement;@2bdcfcf
[INFO ] 2024-07-25 19:13:01,395 framework.utils.initializers.TestInit - [Ljava.lang.StackTraceElement;@70884875
[INFO ] 2024-07-25 19:13:01,481 framework.utils.initializers.TestInit - [Ljava.lang.StackTraceElement;@156324b
[INFO ] 2024-07-25 19:13:01,567 framework.utils.initializers.TestInit - [Ljava.lang.StackTraceElement;@1f9a7684
[INFO ] 2024-07-25 19:13:01,646 framework.utils.initializers.TestInit - [Ljava.lang.StackTraceElement;@7e31d53b
[INFO ] 2024-07-25 19:13:01,738 framework.utils.initializers.TestInit - [Ljava.lang.StackTraceElement;@779228dc
[INFO ] 2024-07-25 19:13:01,841 framework.utils.initializers.TestInit - [Ljava.lang.StackTraceElement;@75dc1c1c
[INFO ] 2024-07-25 19:13:01,912 framework.utils.initializers.TestInit - [Ljava.lang.StackTraceElement;@1c6ac73c
[INFO ] 2024-07-25 19:13:02,076 framework.utils.initializers.TestInit - [Ljava.lang.StackTraceElement;@338d47b
[INFO ] 2024-07-25 19:13:02,174 framework.utils.initializers.TestInit - [Ljava.lang.StackTraceElement;@6233c6c2
[INFO ] 2024-07-25 19:13:02,277 framework.utils.initializers.TestInit - [Ljava.lang.StackTraceElement;@14656be5
[INFO ] 2024-07-25 19:13:02,334 framework.utils.initializers.TestInit - [Ljava.lang.StackTraceElement;@150f41b9
[INFO ] 2024-07-25 19:13:02,484 framework.utils.initializers.TestInit - [Ljava.lang.StackTraceElement;@305e95a4
[INFO ] 2024-07-25 19:13:02,610 framework.utils.initializers.TestInit - [Ljava.lang.StackTraceElement;@27db45f
[INFO ] 2024-07-25 19:13:02,671 framework.utils.initializers.TestInit - [Ljava.lang.StackTraceElement;@a03529c
[INFO ] 2024-07-25 19:13:02,760 framework.utils.initializers.TestInit - [Ljava.lang.StackTraceElement;@632d4cf2
[INFO ] 2024-07-25 19:13:02,846 framework.utils.initializers.TestInit - [Ljava.lang.StackTraceElement;@58fbcb71
[INFO ] 2024-07-25 19:13:02,934 framework.utils.initializers.TestInit - [Ljava.lang.StackTraceElement;@5a82bc58
[INFO ] 2024-07-25 19:13:03,016 framework.utils.initializers.TestInit - [Ljava.lang.StackTraceElement;@4bf8b77
[INFO ] 2024-07-25 19:13:03,138 framework.utils.initializers.TestInit - [Ljava.lang.StackTraceElement;@5e541ef9
[INFO ] 2024-07-25 19:13:03,190 framework.utils.initializers.TestInit - [Ljava.lang.StackTraceElement;@61e14b53
[INFO ] 2024-07-25 19:13:03,242 framework.utils.initializers.TestInit - [Ljava.lang.StackTraceElement;@1c171746
[INFO ] 2024-07-25 19:13:03,337 framework.utils.initializers.TestInit - [Ljava.lang.StackTraceElement;@44492c06
[INFO ] 2024-07-25 19:13:03,404 framework.utils.initializers.TestInit - [Ljava.lang.StackTraceElement;@6076c66
[INFO ] 2024-07-25 19:13:03,495 framework.utils.initializers.TestInit - [Ljava.lang.StackTraceElement;@3d53e876
[INFO ] 2024-07-25 19:13:03,630 framework.utils.initializers.TestInit - [Ljava.lang.StackTraceElement;@1d3a03fe
[INFO ] 2024-07-25 19:13:03,906 framework.utils.initializers.TestInit - [Ljava.lang.StackTraceElement;@2c0dca15
[INFO ] 2024-07-25 19:13:03,963 framework.utils.initializers.TestInit - [Ljava.lang.StackTraceElement;@7d626f2
[INFO ] 2024-07-25 19:13:04,022 framework.utils.initializers.TestInit - [Ljava.lang.StackTraceElement;@20a47036
[INFO ] 2024-07-25 19:13:04,144 framework.utils.initializers.TestInit - [Ljava.lang.StackTraceElement;@16e07bae
[INFO ] 2024-07-25 19:13:04,194 framework.utils.initializers.TestInit - [Ljava.lang.StackTraceElement;@c82d925
[INFO ] 2024-07-25 19:13:04,322 framework.utils.initializers.TestInit - [Ljava.lang.StackTraceElement;@15be68b
[INFO ] 2024-07-25 19:13:04,412 framework.utils.initializers.TestInit - [Ljava.lang.StackTraceElement;@342a1f84
[INFO ] 2024-07-25 19:13:04,471 framework.utils.initializers.TestInit - [Ljava.lang.StackTraceElement;@6b2e9db2
[INFO ] 2024-07-25 19:13:04,551 framework.utils.initializers.TestInit - [Ljava.lang.StackTraceElement;@6996bbc4
[INFO ] 2024-07-25 19:13:04,644 framework.utils.initializers.TestInit - [Ljava.lang.StackTraceElement;@7e38e254
[INFO ] 2024-07-25 19:13:04,712 framework.utils.initializers.TestInit - [Ljava.lang.StackTraceElement;@246de37e
[INFO ] 2024-07-25 19:13:04,781 framework.utils.initializers.TestInit - [Ljava.lang.StackTraceElement;@83ebdc5
[INFO ] 2024-07-25 19:13:04,838 framework.utils.initializers.TestInit - [Ljava.lang.StackTraceElement;@7645b7d
[INFO ] 2024-07-25 19:13:04,963 framework.utils.initializers.TestInit - [Ljava.lang.StackTraceElement;@448086ab
[INFO ] 2024-07-25 19:13:05,073 framework.utils.initializers.TestInit - [Ljava.lang.StackTraceElement;@279c4e3b
[INFO ] 2024-07-25 19:13:05,214 framework.utils.initializers.TestInit - [Ljava.lang.StackTraceElement;@7bce9ce4
[INFO ] 2024-07-25 19:13:05,337 framework.utils.initializers.TestInit - [Ljava.lang.StackTraceElement;@4ca0b9b1
[INFO ] 2024-07-25 19:13:05,403 framework.utils.initializers.TestInit - [Ljava.lang.StackTraceElement;@595ec862
[INFO ] 2024-07-25 19:13:05,516 framework.utils.initializers.TestInit - [Ljava.lang.StackTraceElement;@6f68756d
[INFO ] 2024-07-25 19:13:05,563 framework.utils.initializers.TestInit - [Ljava.lang.StackTraceElement;@7462ba4b
[INFO ] 2024-07-25 19:13:05,693 framework.utils.initializers.TestInit - [Ljava.lang.StackTraceElement;@1131aead
[INFO ] 2024-07-25 19:13:05,736 framework.utils.initializers.TestInit - [Ljava.lang.StackTraceElement;@6cee903a
[INFO ] 2024-07-25 19:13:05,827 framework.utils.initializers.TestInit - [Ljava.lang.StackTraceElement;@b841713
[INFO ] 2024-07-25 19:13:05,887 framework.utils.initializers.TestInit - [Ljava.lang.StackTraceElement;@32f308c6
[INFO ] 2024-07-25 19:13:05,953 framework.utils.initializers.TestInit - [Ljava.lang.StackTraceElement;@6a278584
[INFO ] 2024-07-25 19:13:06,003 framework.utils.initializers.TestInit - [Ljava.lang.StackTraceElement;@523abba9
[INFO ] 2024-07-25 19:13:06,053 framework.utils.initializers.TestInit - [Ljava.lang.StackTraceElement;@6c66ddab
[INFO ] 2024-07-25 19:13:06,148 framework.utils.initializers.TestInit - [Ljava.lang.StackTraceElement;@1b1ea1d9
[INFO ] 2024-07-25 19:13:06,257 framework.utils.initializers.TestInit - [Ljava.lang.StackTraceElement;@2dd8a273
[INFO ] 2024-07-25 19:13:06,314 framework.utils.initializers.TestInit - [Ljava.lang.StackTraceElement;@39514976
[INFO ] 2024-07-25 19:13:06,352 framework.utils.initializers.TestInit - [Ljava.lang.StackTraceElement;@2b4829aa
[INFO ] 2024-07-25 19:13:06,464 framework.utils.initializers.TestInit - [Ljava.lang.StackTraceElement;@35becbd4
[INFO ] 2024-07-25 19:13:06,514 framework.utils.initializers.TestInit - [Ljava.lang.StackTraceElement;@2fd4312a
[INFO ] 2024-07-25 19:13:06,571 framework.utils.initializers.TestInit - [Ljava.lang.StackTraceElement;@56881196
[INFO ] 2024-07-25 19:13:06,668 framework.utils.initializers.TestInit - [Ljava.lang.StackTraceElement;@6814262d
[INFO ] 2024-07-25 19:13:06,864 framework.utils.initializers.TestInit - [Ljava.lang.StackTraceElement;@402f61f5
[INFO ] 2024-07-25 19:13:06,925 framework.utils.initializers.TestInit - [Ljava.lang.StackTraceElement;@8549c5f
[INFO ] 2024-07-25 19:13:07,036 framework.utils.initializers.TestInit - [Ljava.lang.StackTraceElement;@5b5b53c6
[INFO ] 2024-07-25 19:13:07,094 framework.utils.initializers.TestInit - [Ljava.lang.StackTraceElement;@36a58466
[INFO ] 2024-07-25 19:13:07,183 framework.utils.initializers.TestInit - [Ljava.lang.StackTraceElement;@59e0d521
[INFO ] 2024-07-25 19:13:07,235 framework.utils.initializers.TestInit - [Ljava.lang.StackTraceElement;@5402612e
[INFO ] 2024-07-25 19:13:07,298 framework.utils.initializers.TestInit - [Ljava.lang.StackTraceElement;@4cf230bf
[INFO ] 2024-07-25 19:13:07,376 framework.utils.initializers.TestInit - [Ljava.lang.StackTraceElement;@1fa98a22
[INFO ] 2024-07-25 19:13:07,427 framework.utils.initializers.TestInit - [Ljava.lang.StackTraceElement;@4152bd0f
[INFO ] 2024-07-25 19:13:07,562 framework.utils.initializers.TestInit - [Ljava.lang.StackTraceElement;@516c20de
[INFO ] 2024-07-25 19:13:07,709 framework.utils.initializers.TestInit - [Ljava.lang.StackTraceElement;@4c41a177
[INFO ] 2024-07-25 19:13:07,763 framework.utils.initializers.TestInit - [Ljava.lang.StackTraceElement;@42e202d7
[INFO ] 2024-07-25 19:13:07,897 framework.utils.initializers.TestInit - [Ljava.lang.StackTraceElement;@51141f64
[INFO ] 2024-07-25 19:13:07,942 framework.utils.initializers.TestInit - [Ljava.lang.StackTraceElement;@42b43a6
[INFO ] 2024-07-25 19:13:08,016 framework.utils.initializers.TestInit - [Ljava.lang.StackTraceElement;@29519337
[INFO ] 2024-07-25 19:13:08,073 framework.utils.initializers.TestInit - [Ljava.lang.StackTraceElement;@3e6acec2
[INFO ] 2024-07-25 19:13:08,130 framework.utils.initializers.TestInit - [Ljava.lang.StackTraceElement;@4392362c
[INFO ] 2024-07-25 19:13:08,199 framework.utils.initializers.TestInit - [Ljava.lang.StackTraceElement;@404009df
[INFO ] 2024-07-25 19:13:08,246 framework.utils.initializers.TestInit - [Ljava.lang.StackTraceElement;@537b3be1
[INFO ] 2024-07-25 19:13:08,293 framework.utils.initializers.TestInit - [Ljava.lang.StackTraceElement;@351ede23
[INFO ] 2024-07-25 19:13:08,331 framework.utils.initializers.TestInit - [Ljava.lang.StackTraceElement;@71468613
[INFO ] 2024-07-25 19:13:08,412 framework.utils.initializers.TestInit - [Ljava.lang.StackTraceElement;@16029e2f
[INFO ] 2024-07-25 19:13:08,449 framework.utils.initializers.TestInit - [Ljava.lang.StackTraceElement;@751686aa
[INFO ] 2024-07-25 19:13:08,498 framework.utils.initializers.TestInit - [Ljava.lang.StackTraceElement;@6d9428f3
[INFO ] 2024-07-25 19:13:08,540 framework.utils.initializers.TestInit - [Ljava.lang.StackTraceElement;@5f20b6fe
[INFO ] 2024-07-25 19:13:08,723 framework.utils.initializers.TestInit - [Ljava.lang.StackTraceElement;@40ac0a56
[INFO ] 2024-07-25 19:13:08,839 framework.utils.initializers.TestInit - [Ljava.lang.StackTraceElement;@528f5b7f
[INFO ] 2024-07-25 19:13:08,893 framework.utils.initializers.TestInit - [Ljava.lang.StackTraceElement;@1ff542a3
[INFO ] 2024-07-25 19:13:08,971 framework.utils.initializers.TestInit - [Ljava.lang.StackTraceElement;@4e96cb04
[INFO ] 2024-07-25 19:13:09,013 framework.utils.initializers.TestInit - [Ljava.lang.StackTraceElement;@1efcba00
[INFO ] 2024-07-25 19:13:09,072 framework.utils.initializers.TestInit - [Ljava.lang.StackTraceElement;@26aee0a6
[INFO ] 2024-07-25 19:13:09,107 framework.utils.initializers.TestInit - *** Test Suite SpamApiAutomation ending ***
