[INFO ] 2024-07-25 19:05:09,977 framework.utils.initializers.TestInit - *** Test Suite SpamApiAutomation started ***
[INFO ] 2024-07-25 19:05:10,034 framework.utils.LogUtils - Excel Path: src/main/resources/spamTestData.xlsx
[DEBUG] 2024-07-25 19:05:10,347 org.apache.poi.openxml4j.opc.PackageRelationshipCollection - Parsing relationship: /customXml/_rels/item1.xml.rels
[DEBUG] 2024-07-25 19:05:10,372 org.apache.poi.openxml4j.opc.PackageRelationshipCollection - Parsing relationship: /xl/tables/_rels/table1.xml.rels
[DEBUG] 2024-07-25 19:05:10,376 org.apache.poi.openxml4j.opc.PackageRelationshipCollection - Parsing relationship: /xl/_rels/workbook.xml.rels
[DEBUG] 2024-07-25 19:05:10,379 org.apache.poi.openxml4j.opc.PackageRelationshipCollection - Parsing relationship: /xl/worksheets/_rels/sheet1.xml.rels
[DEBUG] 2024-07-25 19:05:10,383 org.apache.poi.openxml4j.opc.PackageRelationshipCollection - Parsing relationship: /_rels/.rels
[DEBUG] 2024-07-25 19:05:11,083 org.apache.poi.ooxml.POIXMLFactory - using default POIXMLDocumentPart for http://schemas.openxmlformats.org/officeDocument/2006/relationships/connections
[DEBUG] 2024-07-25 19:05:13,874 org.apache.poi.ooxml.POIXMLFactory - using default POIXMLDocumentPart for http://schemas.openxmlformats.org/officeDocument/2006/relationships/customXml
[DEBUG] 2024-07-25 19:05:13,919 org.apache.poi.ooxml.POIXMLFactory - using default POIXMLDocumentPart for http://schemas.openxmlformats.org/officeDocument/2006/relationships/queryTable
[DEBUG] 2024-07-25 19:05:13,919 org.apache.poi.ooxml.POIXMLFactory - using default POIXMLDocumentPart for http://schemas.openxmlformats.org/officeDocument/2006/relationships/customXmlProps
[INFO ] 2024-07-25 19:05:15,509 framework.utils.LogUtils - Row: 8221 - Column: 2
[INFO ] 2024-07-25 19:05:15,509 framework.utils.LogUtils - StartRow: 1 - EndRow: 100
[INFO ] 2024-07-25 19:05:20,359 framework.utils.initializers.TestInit - [Ljava.lang.StackTraceElement;@1209a0f
[INFO ] 2024-07-25 19:05:20,939 framework.utils.initializers.TestInit - [Ljava.lang.StackTraceElement;@7540160e
[INFO ] 2024-07-25 19:05:21,174 framework.utils.initializers.TestInit - [Ljava.lang.StackTraceElement;@5f3f3d00
[INFO ] 2024-07-25 19:05:21,341 framework.utils.initializers.TestInit - [Ljava.lang.StackTraceElement;@6248cfab
[INFO ] 2024-07-25 19:05:21,449 framework.utils.initializers.TestInit - [Ljava.lang.StackTraceElement;@7019d619
[INFO ] 2024-07-25 19:05:21,538 framework.utils.initializers.TestInit - [Ljava.lang.StackTraceElement;@38a38ed4
[INFO ] 2024-07-25 19:05:21,619 framework.utils.initializers.TestInit - [Ljava.lang.StackTraceElement;@3b30eec5
[INFO ] 2024-07-25 19:05:21,788 framework.utils.initializers.TestInit - [Ljava.lang.StackTraceElement;@68d8eb4f
[INFO ] 2024-07-25 19:05:22,013 framework.utils.initializers.TestInit - [Ljava.lang.StackTraceElement;@1f7336b2
[INFO ] 2024-07-25 19:05:22,134 framework.utils.initializers.TestInit - [Ljava.lang.StackTraceElement;@5611bba
[INFO ] 2024-07-25 19:05:22,759 framework.utils.initializers.TestInit - [Ljava.lang.StackTraceElement;@29892a77
[INFO ] 2024-07-25 19:05:23,246 framework.utils.initializers.TestInit - [Ljava.lang.StackTraceElement;@7a3643e3
[INFO ] 2024-07-25 19:05:23,334 framework.utils.initializers.TestInit - [Ljava.lang.StackTraceElement;@312a738d
[INFO ] 2024-07-25 19:05:23,422 framework.utils.initializers.TestInit - [Ljava.lang.StackTraceElement;@20be890d
[INFO ] 2024-07-25 19:05:23,639 framework.utils.initializers.TestInit - [Ljava.lang.StackTraceElement;@6e364f1f
[INFO ] 2024-07-25 19:05:23,729 framework.utils.initializers.TestInit - [Ljava.lang.StackTraceElement;@55e42684
[INFO ] 2024-07-25 19:05:23,849 framework.utils.initializers.TestInit - [Ljava.lang.StackTraceElement;@6ec3d8e4
[INFO ] 2024-07-25 19:05:23,974 framework.utils.initializers.TestInit - [Ljava.lang.StackTraceElement;@1760e594
[INFO ] 2024-07-25 19:05:24,049 framework.utils.initializers.TestInit - [Ljava.lang.StackTraceElement;@f10d055
[INFO ] 2024-07-25 19:05:24,220 framework.utils.initializers.TestInit - [Ljava.lang.StackTraceElement;@70cf7d1e
[INFO ] 2024-07-25 19:05:24,332 framework.utils.initializers.TestInit - [Ljava.lang.StackTraceElement;@4aab7195
[INFO ] 2024-07-25 19:05:24,424 framework.utils.initializers.TestInit - [Ljava.lang.StackTraceElement;@e06ec83
[INFO ] 2024-07-25 19:05:24,519 framework.utils.initializers.TestInit - [Ljava.lang.StackTraceElement;@38054d01
[INFO ] 2024-07-25 19:05:24,584 framework.utils.initializers.TestInit - [Ljava.lang.StackTraceElement;@31b6b0c7
[INFO ] 2024-07-25 19:05:24,659 framework.utils.initializers.TestInit - [Ljava.lang.StackTraceElement;@79b7c350
[INFO ] 2024-07-25 19:05:24,784 framework.utils.initializers.TestInit - [Ljava.lang.StackTraceElement;@5c4714ef
[INFO ] 2024-07-25 19:05:24,890 framework.utils.initializers.TestInit - [Ljava.lang.StackTraceElement;@485c84d7
[INFO ] 2024-07-25 19:05:25,162 framework.utils.initializers.TestInit - [Ljava.lang.StackTraceElement;@48d44b46
[INFO ] 2024-07-25 19:05:25,249 framework.utils.initializers.TestInit - [Ljava.lang.StackTraceElement;@f48a080
[INFO ] 2024-07-25 19:05:25,498 framework.utils.initializers.TestInit - [Ljava.lang.StackTraceElement;@574ebdaf
[INFO ] 2024-07-25 19:05:25,549 framework.utils.initializers.TestInit - [Ljava.lang.StackTraceElement;@5fc7255c
[INFO ] 2024-07-25 19:05:25,639 framework.utils.initializers.TestInit - [Ljava.lang.StackTraceElement;@1488a861
[INFO ] 2024-07-25 19:05:25,714 framework.utils.initializers.TestInit - [Ljava.lang.StackTraceElement;@342a1f84
[INFO ] 2024-07-25 19:05:25,754 framework.utils.initializers.TestInit - [Ljava.lang.StackTraceElement;@273293c8
[INFO ] 2024-07-25 19:05:25,844 framework.utils.initializers.TestInit - [Ljava.lang.StackTraceElement;@7856f41a
[INFO ] 2024-07-25 19:05:26,106 framework.utils.initializers.TestInit - [Ljava.lang.StackTraceElement;@16e907b6
[INFO ] 2024-07-25 19:05:26,214 framework.utils.initializers.TestInit - [Ljava.lang.StackTraceElement;@6591f8ea
[INFO ] 2024-07-25 19:05:26,259 framework.utils.initializers.TestInit - [Ljava.lang.StackTraceElement;@500ec769
[INFO ] 2024-07-25 19:05:26,319 framework.utils.initializers.TestInit - [Ljava.lang.StackTraceElement;@5af38a4a
[INFO ] 2024-07-25 19:05:26,379 framework.utils.initializers.TestInit - [Ljava.lang.StackTraceElement;@389a1e34
[INFO ] 2024-07-25 19:05:26,490 framework.utils.initializers.TestInit - [Ljava.lang.StackTraceElement;@3fe8ad3f
[INFO ] 2024-07-25 19:05:26,603 framework.utils.initializers.TestInit - [Ljava.lang.StackTraceElement;@7ee64b53
[INFO ] 2024-07-25 19:05:26,650 framework.utils.initializers.TestInit - [Ljava.lang.StackTraceElement;@6d617b07
[INFO ] 2024-07-25 19:05:26,739 framework.utils.initializers.TestInit - [Ljava.lang.StackTraceElement;@1f3c5308
[INFO ] 2024-07-25 19:05:26,833 framework.utils.initializers.TestInit - [Ljava.lang.StackTraceElement;@7573c7b5
[INFO ] 2024-07-25 19:05:26,878 framework.utils.initializers.TestInit - [Ljava.lang.StackTraceElement;@11c3d22f
[INFO ] 2024-07-25 19:05:26,910 framework.utils.initializers.TestInit - [Ljava.lang.StackTraceElement;@7079f8f0
[INFO ] 2024-07-25 19:05:26,947 framework.utils.initializers.TestInit - [Ljava.lang.StackTraceElement;@4aeaff64
[INFO ] 2024-07-25 19:05:26,984 framework.utils.initializers.TestInit - [Ljava.lang.StackTraceElement;@56872fcb
[INFO ] 2024-07-25 19:05:27,081 framework.utils.initializers.TestInit - [Ljava.lang.StackTraceElement;@4489f60f
[INFO ] 2024-07-25 19:05:27,151 framework.utils.initializers.TestInit - [Ljava.lang.StackTraceElement;@6533629
[INFO ] 2024-07-25 19:05:27,201 framework.utils.initializers.TestInit - [Ljava.lang.StackTraceElement;@5ddb302
[INFO ] 2024-07-25 19:05:27,267 framework.utils.initializers.TestInit - [Ljava.lang.StackTraceElement;@f1d1463
[INFO ] 2024-07-25 19:05:27,321 framework.utils.initializers.TestInit - [Ljava.lang.StackTraceElement;@67a6a2d0
[INFO ] 2024-07-25 19:05:27,352 framework.utils.initializers.TestInit - [Ljava.lang.StackTraceElement;@6e090aaa
[INFO ] 2024-07-25 19:05:27,410 framework.utils.initializers.TestInit - [Ljava.lang.StackTraceElement;@603f4e3e
[INFO ] 2024-07-25 19:05:27,447 framework.utils.initializers.TestInit - [Ljava.lang.StackTraceElement;@6a902015
[INFO ] 2024-07-25 19:05:27,493 framework.utils.initializers.TestInit - [Ljava.lang.StackTraceElement;@5bd3ca3c
[INFO ] 2024-07-25 19:05:27,538 framework.utils.initializers.TestInit - [Ljava.lang.StackTraceElement;@6df37f7a
[INFO ] 2024-07-25 19:05:27,585 framework.utils.initializers.TestInit - [Ljava.lang.StackTraceElement;@aee05f4
[INFO ] 2024-07-25 19:05:27,716 framework.utils.initializers.TestInit - [Ljava.lang.StackTraceElement;@3ba97962
[INFO ] 2024-07-25 19:05:27,756 framework.utils.initializers.TestInit - [Ljava.lang.StackTraceElement;@18b04526
[INFO ] 2024-07-25 19:05:27,793 framework.utils.initializers.TestInit - [Ljava.lang.StackTraceElement;@2570b316
[INFO ] 2024-07-25 19:05:27,825 framework.utils.initializers.TestInit - [Ljava.lang.StackTraceElement;@7fc1fd31
[INFO ] 2024-07-25 19:05:27,912 framework.utils.initializers.TestInit - [Ljava.lang.StackTraceElement;@6480a063
[INFO ] 2024-07-25 19:05:27,943 framework.utils.initializers.TestInit - [Ljava.lang.StackTraceElement;@35454c7a
[INFO ] 2024-07-25 19:05:28,010 framework.utils.initializers.TestInit - [Ljava.lang.StackTraceElement;@2ec0ca83
[INFO ] 2024-07-25 19:05:28,053 framework.utils.initializers.TestInit - [Ljava.lang.StackTraceElement;@78e387d6
[INFO ] 2024-07-25 19:05:28,086 framework.utils.initializers.TestInit - [Ljava.lang.StackTraceElement;@2e3900dc
[INFO ] 2024-07-25 19:05:28,132 framework.utils.initializers.TestInit - [Ljava.lang.StackTraceElement;@43445fc6
[INFO ] 2024-07-25 19:05:28,213 framework.utils.initializers.TestInit - [Ljava.lang.StackTraceElement;@3dc55719
[INFO ] 2024-07-25 19:05:28,280 framework.utils.initializers.TestInit - [Ljava.lang.StackTraceElement;@54941dfd
[INFO ] 2024-07-25 19:05:28,333 framework.utils.initializers.TestInit - [Ljava.lang.StackTraceElement;@10d905c1
[INFO ] 2024-07-25 19:05:28,400 framework.utils.initializers.TestInit - [Ljava.lang.StackTraceElement;@6906be0f
[INFO ] 2024-07-25 19:05:28,442 framework.utils.initializers.TestInit - [Ljava.lang.StackTraceElement;@2faf6e4a
[INFO ] 2024-07-25 19:05:28,493 framework.utils.initializers.TestInit - [Ljava.lang.StackTraceElement;@38e7860c
[INFO ] 2024-07-25 19:05:28,587 framework.utils.initializers.TestInit - [Ljava.lang.StackTraceElement;@32c0fecc
[INFO ] 2024-07-25 19:05:28,652 framework.utils.initializers.TestInit - [Ljava.lang.StackTraceElement;@70ee1963
[INFO ] 2024-07-25 19:05:28,827 framework.utils.initializers.TestInit - [Ljava.lang.StackTraceElement;@21540255
[INFO ] 2024-07-25 19:05:28,862 framework.utils.initializers.TestInit - [Ljava.lang.StackTraceElement;@10d4b573
[INFO ] 2024-07-25 19:05:28,954 framework.utils.initializers.TestInit - [Ljava.lang.StackTraceElement;@42a05533
[INFO ] 2024-07-25 19:05:29,029 framework.utils.initializers.TestInit - [Ljava.lang.StackTraceElement;@77e6761f
[INFO ] 2024-07-25 19:05:29,091 framework.utils.initializers.TestInit - [Ljava.lang.StackTraceElement;@4a890fdd
[INFO ] 2024-07-25 19:05:29,134 framework.utils.initializers.TestInit - [Ljava.lang.StackTraceElement;@7b52b18a
[INFO ] 2024-07-25 19:05:29,173 framework.utils.initializers.TestInit - [Ljava.lang.StackTraceElement;@1b19712f
[INFO ] 2024-07-25 19:05:29,294 framework.utils.initializers.TestInit - [Ljava.lang.StackTraceElement;@4e85dcb2
[INFO ] 2024-07-25 19:05:29,336 framework.utils.initializers.TestInit - [Ljava.lang.StackTraceElement;@45e639ee
[INFO ] 2024-07-25 19:05:29,394 framework.utils.initializers.TestInit - [Ljava.lang.StackTraceElement;@436a563f
[INFO ] 2024-07-25 19:05:29,437 framework.utils.initializers.TestInit - [Ljava.lang.StackTraceElement;@2cadcff6
[INFO ] 2024-07-25 19:05:29,533 framework.utils.initializers.TestInit - [Ljava.lang.StackTraceElement;@25b4754a
[INFO ] 2024-07-25 19:05:29,691 framework.utils.initializers.TestInit - [Ljava.lang.StackTraceElement;@3ccfac29
[INFO ] 2024-07-25 19:05:29,732 framework.utils.initializers.TestInit - [Ljava.lang.StackTraceElement;@48ee3c2d
[INFO ] 2024-07-25 19:05:29,798 framework.utils.initializers.TestInit - [Ljava.lang.StackTraceElement;@70ecf57b
[INFO ] 2024-07-25 19:05:29,862 framework.utils.initializers.TestInit - [Ljava.lang.StackTraceElement;@311d28f5
[INFO ] 2024-07-25 19:05:29,952 framework.utils.initializers.TestInit - [Ljava.lang.StackTraceElement;@20184ade
[INFO ] 2024-07-25 19:05:29,971 framework.utils.initializers.TestInit - *** Test Suite SpamApiAutomation ending ***
